<?xml version="1.0" encoding="UTF-8"?>
<!-- Generated by org.testng.reporters.JUnitReportReporter -->
<testsuite hostname="DESKTOP-6MFKABJ" failures="0" tests="1" name="com.booking.base.initialisation" time="13.057" errors="0" timestamp="2024-03-24T21:50:46 GMT-04:00" skipped="0">
  <testcase classname="com.booking.base.initialisation" name="driverInitialise" time="13.057"/>
  <system-out/>
</testsuite> <!-- com.booking.base.initialisation -->
